Determining if the pthread_create exist failed with the following output:
Change Dir: /home/lee/Desktop/github/glfw-3.2.1/CMakeFiles/CMakeTmp

Run Build Command:"/usr/sbin/make" "cmTC_9e859/fast"
/usr/sbin/make -f CMakeFiles/cmTC_9e859.dir/build.make CMakeFiles/cmTC_9e859.dir/build
make[1]: Entering directory '/home/lee/Desktop/github/glfw-3.2.1/CMakeFiles/CMakeTmp'
Building C object CMakeFiles/cmTC_9e859.dir/CheckSymbolExists.c.o
/usr/sbin/cc     -o CMakeFiles/cmTC_9e859.dir/CheckSymbolExists.c.o   -c /home/lee/Desktop/github/glfw-3.2.1/CMakeFiles/CMakeTmp/CheckSymbolExists.c
Linking C executable cmTC_9e859
/usr/bin/cmake -E cmake_link_script CMakeFiles/cmTC_9e859.dir/link.txt --verbose=1
/usr/sbin/cc       CMakeFiles/cmTC_9e859.dir/CheckSymbolExists.c.o  -o cmTC_9e859 -rdynamic 
CMakeFiles/cmTC_9e859.dir/CheckSymbolExists.c.o: In function `main':
CheckSymbolExists.c:(.text+0x16): undefined reference to `pthread_create'
collect2: error: ld returned 1 exit status
make[1]: *** [CMakeFiles/cmTC_9e859.dir/build.make:98: cmTC_9e859] Error 1
make[1]: Leaving directory '/home/lee/Desktop/github/glfw-3.2.1/CMakeFiles/CMakeTmp'
make: *** [Makefile:126: cmTC_9e859/fast] Error 2

File /home/lee/Desktop/github/glfw-3.2.1/CMakeFiles/CMakeTmp/CheckSymbolExists.c:
/* */
#include <pthread.h>

int main(int argc, char** argv)
{
  (void)argv;
#ifndef pthread_create
  return ((int*)(&pthread_create))[argc];
#else
  (void)argc;
  return 0;
#endif
}

Determining if the function pthread_create exists in the pthreads failed with the following output:
Change Dir: /home/lee/Desktop/github/glfw-3.2.1/CMakeFiles/CMakeTmp

Run Build Command:"/usr/sbin/make" "cmTC_2e60f/fast"
/usr/sbin/make -f CMakeFiles/cmTC_2e60f.dir/build.make CMakeFiles/cmTC_2e60f.dir/build
make[1]: Entering directory '/home/lee/Desktop/github/glfw-3.2.1/CMakeFiles/CMakeTmp'
Building C object CMakeFiles/cmTC_2e60f.dir/CheckFunctionExists.c.o
/usr/sbin/cc    -DCHECK_FUNCTION_EXISTS=pthread_create   -o CMakeFiles/cmTC_2e60f.dir/CheckFunctionExists.c.o   -c /usr/share/cmake-3.7/Modules/CheckFunctionExists.c
Linking C executable cmTC_2e60f
/usr/bin/cmake -E cmake_link_script CMakeFiles/cmTC_2e60f.dir/link.txt --verbose=1
/usr/sbin/cc   -DCHECK_FUNCTION_EXISTS=pthread_create    CMakeFiles/cmTC_2e60f.dir/CheckFunctionExists.c.o  -o cmTC_2e60f -rdynamic -lpthreads 
/usr/sbin/ld: cannot find -lpthreads
collect2: error: ld returned 1 exit status
make[1]: *** [CMakeFiles/cmTC_2e60f.dir/build.make:98: cmTC_2e60f] Error 1
make[1]: Leaving directory '/home/lee/Desktop/github/glfw-3.2.1/CMakeFiles/CMakeTmp'
make: *** [Makefile:126: cmTC_2e60f/fast] Error 2


