==12955== Memcheck, a memory error detector
==12955== Copyright (C) 2002-2015, and GNU GPL'd, by Julian Seward et al.
==12955== Using Valgrind-3.12.0 and LibVEX; rerun with -h for copyright info
==12955== Command: ./rtv1 test.json
==12955== 
==12955== Conditional jump or move depends on uninitialised value(s)
==12955==    at 0x402F55: ft_strcpy (ft_strcpy.c:45)
==12955==    by 0x402A64: ft_readfile (ft_readfile.c:32)
==12955==    by 0x400BC5: main (main.c:70)
==12955== 
==12955== Conditional jump or move depends on uninitialised value(s)
==12955==    at 0x402AA7: ft_readfile (ft_readfile.c:39)
==12955==    by 0x400BC5: main (main.c:70)
==12955== 
==12955== Conditional jump or move depends on uninitialised value(s)
==12955==    at 0x403251: ft_str_clear_commentaries (ft_str_clear_commentaries.c:27)
==12955==    by 0x400BCD: main (main.c:70)
==12955== 
Initializing OpenCL environement...
==12955== Warning: set address range perms: large range [0x200000000, 0x600000000) (noaccess)
==12955== Warning: set address range perms: large range [0x600000000, 0x800000000) (noaccess)
==12955== Conditional jump or move depends on uninitialised value(s)
==12955==    at 0x4C2DBB8: strlen (in /usr/lib/valgrind/vgpreload_memcheck-amd64-linux.so)
==12955==    by 0x664CB1B: ??? (in /usr/lib/libnvidia-opencl.so.375.26)
==12955==    by 0x663A12A: ??? (in /usr/lib/libnvidia-opencl.so.375.26)
==12955==    by 0x4E42220: clCreateProgramWithSource (in /usr/lib/libOpenCL.so.1.0.0)
==12955==    by 0x401483: ftocl_make_program (ftocl_make_program.c:83)
==12955==    by 0x400BE5: main (main.c:69)
==12955== 
==12955== Conditional jump or move depends on uninitialised value(s)
==12955==    at 0x4C2DBB8: strlen (in /usr/lib/valgrind/vgpreload_memcheck-amd64-linux.so)
==12955==    by 0x664CB3E: ??? (in /usr/lib/libnvidia-opencl.so.375.26)
==12955==    by 0x663A12A: ??? (in /usr/lib/libnvidia-opencl.so.375.26)
==12955==    by 0x4E42220: clCreateProgramWithSource (in /usr/lib/libOpenCL.so.1.0.0)
==12955==    by 0x401483: ftocl_make_program (ftocl_make_program.c:83)
==12955==    by 0x400BE5: main (main.c:69)
==12955== 
==12955== Conditional jump or move depends on uninitialised value(s)
==12955==    at 0x402F0D: ft_strchr (ft_strchr.c:38)
==12955==    by 0x401606: sf_parse_and_create_kernel (ftocl_make_program.c:47)
==12955==    by 0x401606: sf_return_of_the_random_name (ftocl_make_program.c:63)
==12955==    by 0x401606: ftocl_make_program (ftocl_make_program.c:93)
==12955==    by 0x400BE5: main (main.c:69)
==12955== 
==12955== Conditional jump or move depends on uninitialised value(s)
==12955==    at 0x402F0D: ft_strchr (ft_strchr.c:38)
==12955==    by 0x403046: ft_strstr (ft_strstr.c:58)
==12955==    by 0x4014EE: ftocl_make_program (ftocl_make_program.c:92)
==12955==    by 0x400BE5: main (main.c:69)
==12955== 
Kernel: example2 was succesfully loaded
==12955== 
==12955== HEAP SUMMARY:
==12955==     in use at exit: 178,666 bytes in 109 blocks
==12955==   total heap usage: 17,689 allocs, 17,580 frees, 12,848,718 bytes allocated
==12955== 
==12955== 40 bytes in 1 blocks are definitely lost in loss record 19 of 89
==12955==    at 0x4C2AB8D: malloc (in /usr/lib/valgrind/vgpreload_memcheck-amd64-linux.so)
==12955==    by 0x402B0D: ft_malloc (ft_malloc.c:26)
==12955==    by 0x401561: sf_parse_and_create_kernel (ftocl_make_program.c:37)
==12955==    by 0x401561: sf_return_of_the_random_name (ftocl_make_program.c:63)
==12955==    by 0x401561: ftocl_make_program (ftocl_make_program.c:93)
==12955==    by 0x400BE5: main (main.c:69)
==12955== 
==12955== 56 bytes in 1 blocks are definitely lost in loss record 25 of 89
==12955==    at 0x4C2AB8D: malloc (in /usr/lib/valgrind/vgpreload_memcheck-amd64-linux.so)
==12955==    by 0x402B0D: ft_malloc (ft_malloc.c:26)
==12955==    by 0x402B5D: ft_memalloc (ft_memalloc.c:19)
==12955==    by 0x401F08: ft_2lstnew (ft_2lstnew.c:22)
==12955==    by 0x4014BF: ftocl_make_program (ftocl_make_program.c:89)
==12955==    by 0x400BE5: main (main.c:69)
==12955== 
==12955== LEAK SUMMARY:
==12955==    definitely lost: 96 bytes in 2 blocks
==12955==    indirectly lost: 0 bytes in 0 blocks
==12955==      possibly lost: 1,768 bytes in 13 blocks
==12955==    still reachable: 176,802 bytes in 94 blocks
==12955==         suppressed: 0 bytes in 0 blocks
==12955== Reachable blocks (those to which a pointer was found) are not shown.
==12955== To see them, rerun with: --leak-check=full --show-leak-kinds=all
==12955== 
==12955== For counts of detected and suppressed errors, rerun with: -v
==12955== Use --track-origins=yes to see where uninitialised values come from
==12955== ERROR SUMMARY: 23 errors from 21 contexts (suppressed: 0 from 0)
