==7850== Memcheck, a memory error detector
==7850== Copyright (C) 2002-2015, and GNU GPL'd, by Julian Seward et al.
==7850== Using Valgrind-3.12.0 and LibVEX; rerun with -h for copyright info
==7850== Command: ./rtv1 test.json
==7850== 
==7850== Warning: set address range perms: large range [0x200000000, 0x600000000) (noaccess)
==7850== Warning: set address range perms: large range [0x600000000, 0x800000000) (noaccess)
==7850== 
==7850== HEAP SUMMARY:
==7850==     in use at exit: 176,725 bytes in 94 blocks
==7850==   total heap usage: 494 allocs, 400 frees, 337,747 bytes allocated
==7850== 
==7850== LEAK SUMMARY:
==7850==    definitely lost: 0 bytes in 0 blocks
==7850==    indirectly lost: 0 bytes in 0 blocks
==7850==      possibly lost: 1,768 bytes in 13 blocks
==7850==    still reachable: 174,957 bytes in 81 blocks
==7850==         suppressed: 0 bytes in 0 blocks
==7850== Rerun with --leak-check=full to see details of leaked memory
==7850== 
==7850== For counts of detected and suppressed errors, rerun with: -v
==7850== ERROR SUMMARY: 0 errors from 0 contexts (suppressed: 0 from 0)
