==12841== Memcheck, a memory error detector
==12841== Copyright (C) 2002-2015, and GNU GPL'd, by Julian Seward et al.
==12841== Using Valgrind-3.12.0 and LibVEX; rerun with -h for copyright info
==12841== Command: ./rtv1 test.json
==12841== 
==12841== Conditional jump or move depends on uninitialised value(s)
==12841==    at 0x402F75: ft_strcpy (ft_strcpy.c:45)
==12841==    by 0x402A84: ft_readfile (ft_readfile.c:32)
==12841==    by 0x400BC5: main (main.c:70)
==12841== 
==12841== Conditional jump or move depends on uninitialised value(s)
==12841==    at 0x402AC7: ft_readfile (ft_readfile.c:39)
==12841==    by 0x400BC5: main (main.c:70)
==12841== 
==12841== Conditional jump or move depends on uninitialised value(s)
==12841==    at 0x403271: ft_str_clear_commentaries (ft_str_clear_commentaries.c:27)
==12841==    by 0x400BCD: main (main.c:70)
==12841== 
Initializing OpenCL environement...
==12841== Warning: set address range perms: large range [0x200000000, 0x600000000) (noaccess)
==12841== Warning: set address range perms: large range [0x600000000, 0x800000000) (noaccess)
==12841== Conditional jump or move depends on uninitialised value(s)
==12841==    at 0x4C2DBB8: strlen (in /usr/lib/valgrind/vgpreload_memcheck-amd64-linux.so)
==12841==    by 0x664CB1B: ??? (in /usr/lib/libnvidia-opencl.so.375.26)
==12841==    by 0x663A12A: ??? (in /usr/lib/libnvidia-opencl.so.375.26)
==12841==    by 0x4E42220: clCreateProgramWithSource (in /usr/lib/libOpenCL.so.1.0.0)
==12841==    by 0x40148C: ftocl_make_program (ftocl_make_program.c:83)
==12841==    by 0x400BE5: main (main.c:69)
==12841== 
==12841== Conditional jump or move depends on uninitialised value(s)
==12841==    at 0x4C2DBB8: strlen (in /usr/lib/valgrind/vgpreload_memcheck-amd64-linux.so)
==12841==    by 0x664CB3E: ??? (in /usr/lib/libnvidia-opencl.so.375.26)
==12841==    by 0x663A12A: ??? (in /usr/lib/libnvidia-opencl.so.375.26)
==12841==    by 0x4E42220: clCreateProgramWithSource (in /usr/lib/libOpenCL.so.1.0.0)
==12841==    by 0x40148C: ftocl_make_program (ftocl_make_program.c:83)
==12841==    by 0x400BE5: main (main.c:69)
==12841== 
==12841== Conditional jump or move depends on uninitialised value(s)
==12841==    at 0x402F2D: ft_strchr (ft_strchr.c:38)
==12841==    by 0x401616: sf_parse_and_create_kernel (ftocl_make_program.c:47)
==12841==    by 0x401616: sf_return_of_the_random_name (ftocl_make_program.c:63)
==12841==    by 0x401616: ftocl_make_program (ftocl_make_program.c:93)
==12841==    by 0x400BE5: main (main.c:69)
==12841== 
==12841== Conditional jump or move depends on uninitialised value(s)
==12841==    at 0x402F2D: ft_strchr (ft_strchr.c:38)
==12841==    by 0x403066: ft_strstr (ft_strstr.c:58)
==12841==    by 0x4014FE: ftocl_make_program (ftocl_make_program.c:92)
==12841==    by 0x400BE5: main (main.c:69)
==12841== 
Kernel: example2 was succesfully loaded
==12841== 
==12841== HEAP SUMMARY:
==12841==     in use at exit: 178,666 bytes in 109 blocks
==12841==   total heap usage: 17,689 allocs, 17,580 frees, 12,848,718 bytes allocated
==12841== 
==12841== 40 bytes in 1 blocks are definitely lost in loss record 19 of 89
==12841==    at 0x4C2AB8D: malloc (in /usr/lib/valgrind/vgpreload_memcheck-amd64-linux.so)
==12841==    by 0x402B2D: ft_malloc (ft_malloc.c:26)
==12841==    by 0x401571: sf_parse_and_create_kernel (ftocl_make_program.c:37)
==12841==    by 0x401571: sf_return_of_the_random_name (ftocl_make_program.c:63)
==12841==    by 0x401571: ftocl_make_program (ftocl_make_program.c:93)
==12841==    by 0x400BE5: main (main.c:69)
==12841== 
==12841== 56 bytes in 1 blocks are definitely lost in loss record 25 of 89
==12841==    at 0x4C2AB8D: malloc (in /usr/lib/valgrind/vgpreload_memcheck-amd64-linux.so)
==12841==    by 0x402B2D: ft_malloc (ft_malloc.c:26)
==12841==    by 0x402B7D: ft_memalloc (ft_memalloc.c:19)
==12841==    by 0x401F28: ft_2lstnew (ft_2lstnew.c:22)
==12841==    by 0x4014C8: ftocl_make_program (ftocl_make_program.c:89)
==12841==    by 0x400BE5: main (main.c:69)
==12841== 
==12841== LEAK SUMMARY:
==12841==    definitely lost: 96 bytes in 2 blocks
==12841==    indirectly lost: 0 bytes in 0 blocks
==12841==      possibly lost: 1,768 bytes in 13 blocks
==12841==    still reachable: 176,802 bytes in 94 blocks
==12841==         suppressed: 0 bytes in 0 blocks
==12841== Reachable blocks (those to which a pointer was found) are not shown.
==12841== To see them, rerun with: --leak-check=full --show-leak-kinds=all
==12841== 
==12841== For counts of detected and suppressed errors, rerun with: -v
==12841== Use --track-origins=yes to see where uninitialised values come from
==12841== ERROR SUMMARY: 23 errors from 21 contexts (suppressed: 0 from 0)
