==8412== Memcheck, a memory error detector
==8412== Copyright (C) 2002-2015, and GNU GPL'd, by Julian Seward et al.
==8412== Using Valgrind-3.12.0 and LibVEX; rerun with -h for copyright info
==8412== Command: ./rtv1 test.json
==8412== 
==8412== Warning: set address range perms: large range [0x200000000, 0x600000000) (noaccess)
==8412== Warning: set address range perms: large range [0x600000000, 0x800000000) (noaccess)
==8412== 
==8412== HEAP SUMMARY:
==8412==     in use at exit: 176,725 bytes in 94 blocks
==8412==   total heap usage: 17,403 allocs, 17,309 frees, 12,703,014 bytes allocated
==8412== 
==8412== LEAK SUMMARY:
==8412==    definitely lost: 0 bytes in 0 blocks
==8412==    indirectly lost: 0 bytes in 0 blocks
==8412==      possibly lost: 1,768 bytes in 13 blocks
==8412==    still reachable: 174,957 bytes in 81 blocks
==8412==         suppressed: 0 bytes in 0 blocks
==8412== Rerun with --leak-check=full to see details of leaked memory
==8412== 
==8412== For counts of detected and suppressed errors, rerun with: -v
==8412== ERROR SUMMARY: 0 errors from 0 contexts (suppressed: 0 from 0)
