==10107== Memcheck, a memory error detector
==10107== Copyright (C) 2002-2015, and GNU GPL'd, by Julian Seward et al.
==10107== Using Valgrind-3.12.0 and LibVEX; rerun with -h for copyright info
==10107== Command: ./rtv1 test.json
==10107== 
==10107== Conditional jump or move depends on uninitialised value(s)
==10107==    at 0x40313D: ft_strcpy (ft_strcpy.c:49)
==10107==    by 0x402A74: ft_readfile (ft_readfile.c:32)
==10107==    by 0x400B69: main (main.c:70)
==10107== 
==10107== Conditional jump or move depends on uninitialised value(s)
==10107==    at 0x402AB7: ft_readfile (ft_readfile.c:39)
==10107==    by 0x400B69: main (main.c:70)
==10107== 
==10107== Conditional jump or move depends on uninitialised value(s)
==10107==    at 0x4033A1: ft_str_clear_commentaries (ft_str_clear_commentaries.c:27)
==10107==    by 0x400B71: main (main.c:70)
==10107== 
Initializing OpenCL environement...
==10107== Warning: set address range perms: large range [0x200000000, 0x600000000) (noaccess)
==10107== Warning: set address range perms: large range [0x600000000, 0x800000000) (noaccess)
==10107== Conditional jump or move depends on uninitialised value(s)
==10107==    at 0x4C2DBB8: strlen (in /usr/lib/valgrind/vgpreload_memcheck-amd64-linux.so)
==10107==    by 0x664CB1B: ??? (in /usr/lib/libnvidia-opencl.so.375.26)
==10107==    by 0x663A12A: ??? (in /usr/lib/libnvidia-opencl.so.375.26)
==10107==    by 0x4E42220: clCreateProgramWithSource (in /usr/lib/libOpenCL.so.1.0.0)
==10107==    by 0x40143C: ftocl_make_program (ftocl_make_program.c:84)
==10107==    by 0x400B89: main (main.c:69)
==10107== 
==10107== Conditional jump or move depends on uninitialised value(s)
==10107==    at 0x4C2DBB8: strlen (in /usr/lib/valgrind/vgpreload_memcheck-amd64-linux.so)
==10107==    by 0x664CB3E: ??? (in /usr/lib/libnvidia-opencl.so.375.26)
==10107==    by 0x663A12A: ??? (in /usr/lib/libnvidia-opencl.so.375.26)
==10107==    by 0x4E42220: clCreateProgramWithSource (in /usr/lib/libOpenCL.so.1.0.0)
==10107==    by 0x40143C: ftocl_make_program (ftocl_make_program.c:84)
==10107==    by 0x400B89: main (main.c:69)
==10107== 
0xc49ffb0
==10107== Conditional jump or move depends on uninitialised value(s)
==10107==    at 0x4030E5: ft_strchr (ft_strchr.c:48)
==10107==    by 0x4015C6: sf_parse_and_create_kernel (ftocl_make_program.c:46)
==10107==    by 0x4015C6: sf_return_of_the_random_name (ftocl_make_program.c:63)
==10107==    by 0x4015C6: ftocl_make_program (ftocl_make_program.c:94)
==10107==    by 0x400B89: main (main.c:69)
==10107== 
0xc4a0a10
==10107== Conditional jump or move depends on uninitialised value(s)
==10107==    at 0x4030E5: ft_strchr (ft_strchr.c:48)
==10107==    by 0x403356: ft_strstr (ft_strstr.c:58)
==10107==    by 0x4014AE: ftocl_make_program (ftocl_make_program.c:93)
==10107==    by 0x400B89: main (main.c:69)
==10107== 
Kernel: example2 was succesfully loaded
Warning: ft_free called on pointer not allocated by ft_malloc
==10107== Invalid free() / delete / delete[] / realloc()
==10107==    at 0x4C2BD3A: free (in /usr/lib/valgrind/vgpreload_memcheck-amd64-linux.so)
==10107==    by 0x402B93: ft_free (ft_free.c:61)
==10107==    by 0x400BBA: main (main.c:77)
==10107==  Address 0x1 is not stack'd, malloc'd or (recently) free'd
==10107== 
==10107== 
==10107== HEAP SUMMARY:
==10107==     in use at exit: 178,498 bytes in 105 blocks
==10107==   total heap usage: 17,691 allocs, 17,587 frees, 12,848,813 bytes allocated
==10107== 
==10107== LEAK SUMMARY:
==10107==    definitely lost: 0 bytes in 0 blocks
==10107==    indirectly lost: 0 bytes in 0 blocks
==10107==      possibly lost: 1,768 bytes in 13 blocks
==10107==    still reachable: 176,730 bytes in 92 blocks
==10107==         suppressed: 0 bytes in 0 blocks
==10107== Reachable blocks (those to which a pointer was found) are not shown.
==10107== To see them, rerun with: --leak-check=full --show-leak-kinds=all
==10107== 
==10107== For counts of detected and suppressed errors, rerun with: -v
==10107== Use --track-origins=yes to see where uninitialised values come from
==10107== ERROR SUMMARY: 22 errors from 20 contexts (suppressed: 0 from 0)
