==8247== Memcheck, a memory error detector
==8247== Copyright (C) 2002-2015, and GNU GPL'd, by Julian Seward et al.
==8247== Using Valgrind-3.12.0 and LibVEX; rerun with -h for copyright info
==8247== Command: ./rtv1 test.json
==8247== 
==8247== Conditional jump or move depends on uninitialised value(s)
==8247==    at 0x40312D: ft_strcpy (ft_strcpy.c:49)
==8247==    by 0x402A64: ft_readfile (ft_readfile.c:32)
==8247==    by 0x400B65: main (main.c:70)
==8247== 
==8247== Conditional jump or move depends on uninitialised value(s)
==8247==    at 0x402AA7: ft_readfile (ft_readfile.c:39)
==8247==    by 0x400B65: main (main.c:70)
==8247== 
==8247== Conditional jump or move depends on uninitialised value(s)
==8247==    at 0x403391: ft_str_clear_commentaries (ft_str_clear_commentaries.c:27)
==8247==    by 0x400B6D: main (main.c:70)
==8247== 
Initializing OpenCL environement...
==8247== Warning: set address range perms: large range [0x200000000, 0x600000000) (noaccess)
==8247== Warning: set address range perms: large range [0x600000000, 0x800000000) (noaccess)
==8247== Conditional jump or move depends on uninitialised value(s)
==8247==    at 0x4C2DBB8: strlen (in /usr/lib/valgrind/vgpreload_memcheck-amd64-linux.so)
==8247==    by 0x664CB1B: ??? (in /usr/lib/libnvidia-opencl.so.375.26)
==8247==    by 0x663A12A: ??? (in /usr/lib/libnvidia-opencl.so.375.26)
==8247==    by 0x4E42220: clCreateProgramWithSource (in /usr/lib/libOpenCL.so.1.0.0)
==8247==    by 0x40142C: ftocl_make_program (ftocl_make_program.c:84)
==8247==    by 0x400B85: main (main.c:69)
==8247== 
==8247== Conditional jump or move depends on uninitialised value(s)
==8247==    at 0x4C2DBB8: strlen (in /usr/lib/valgrind/vgpreload_memcheck-amd64-linux.so)
==8247==    by 0x664CB3E: ??? (in /usr/lib/libnvidia-opencl.so.375.26)
==8247==    by 0x663A12A: ??? (in /usr/lib/libnvidia-opencl.so.375.26)
==8247==    by 0x4E42220: clCreateProgramWithSource (in /usr/lib/libOpenCL.so.1.0.0)
==8247==    by 0x40142C: ftocl_make_program (ftocl_make_program.c:84)
==8247==    by 0x400B85: main (main.c:69)
==8247== 
0xc49ff50
==8247== Conditional jump or move depends on uninitialised value(s)
==8247==    at 0x4030D5: ft_strchr (ft_strchr.c:48)
==8247==    by 0x4015B6: sf_parse_and_create_kernel (ftocl_make_program.c:46)
==8247==    by 0x4015B6: sf_return_of_the_random_name (ftocl_make_program.c:63)
==8247==    by 0x4015B6: ftocl_make_program (ftocl_make_program.c:94)
==8247==    by 0x400B85: main (main.c:69)
==8247== 
0xc4a09b0
==8247== Conditional jump or move depends on uninitialised value(s)
==8247==    at 0x4030D5: ft_strchr (ft_strchr.c:48)
==8247==    by 0x403346: ft_strstr (ft_strstr.c:58)
==8247==    by 0x40149E: ftocl_make_program (ftocl_make_program.c:93)
==8247==    by 0x400B85: main (main.c:69)
==8247== 
Kernel: example2 was succesfully loaded
==8247== 
==8247== HEAP SUMMARY:
==8247==     in use at exit: 178,666 bytes in 109 blocks
==8247==   total heap usage: 17,689 allocs, 17,580 frees, 12,848,718 bytes allocated
==8247== 
==8247== 40 bytes in 1 blocks are definitely lost in loss record 19 of 89
==8247==    at 0x4C2AB8D: malloc (in /usr/lib/valgrind/vgpreload_memcheck-amd64-linux.so)
==8247==    by 0x402B9A: ft_malloc (ft_malloc.c:64)
==8247==    by 0x401511: sf_parse_and_create_kernel (ftocl_make_program.c:36)
==8247==    by 0x401511: sf_return_of_the_random_name (ftocl_make_program.c:63)
==8247==    by 0x401511: ftocl_make_program (ftocl_make_program.c:94)
==8247==    by 0x400B85: main (main.c:69)
==8247== 
==8247== 56 bytes in 1 blocks are definitely lost in loss record 25 of 89
==8247==    at 0x4C2AB8D: malloc (in /usr/lib/valgrind/vgpreload_memcheck-amd64-linux.so)
==8247==    by 0x402B9A: ft_malloc (ft_malloc.c:64)
==8247==    by 0x402BFD: ft_memalloc (ft_memalloc.c:19)
==8247==    by 0x401ED8: ft_2lstnew (ft_2lstnew.c:22)
==8247==    by 0x401468: ftocl_make_program (ftocl_make_program.c:90)
==8247==    by 0x400B85: main (main.c:69)
==8247== 
==8247== LEAK SUMMARY:
==8247==    definitely lost: 96 bytes in 2 blocks
==8247==    indirectly lost: 0 bytes in 0 blocks
==8247==      possibly lost: 1,768 bytes in 13 blocks
==8247==    still reachable: 176,802 bytes in 94 blocks
==8247==         suppressed: 0 bytes in 0 blocks
==8247== Reachable blocks (those to which a pointer was found) are not shown.
==8247== To see them, rerun with: --leak-check=full --show-leak-kinds=all
==8247== 
==8247== For counts of detected and suppressed errors, rerun with: -v
==8247== Use --track-origins=yes to see where uninitialised values come from
==8247== ERROR SUMMARY: 23 errors from 21 contexts (suppressed: 0 from 0)
