==6706== Memcheck, a memory error detector
==6706== Copyright (C) 2002-2015, and GNU GPL'd, by Julian Seward et al.
==6706== Using Valgrind-3.12.0 and LibVEX; rerun with -h for copyright info
==6706== Command: ./rtv1 test.json
==6706== 
==6706== Warning: set address range perms: large range [0x200000000, 0x600000000) (noaccess)
==6706== Warning: set address range perms: large range [0x600000000, 0x800000000) (noaccess)
==6706== 
==6706== HEAP SUMMARY:
==6706==     in use at exit: 176,725 bytes in 94 blocks
==6706==   total heap usage: 17,458 allocs, 17,364 frees, 12,704,732 bytes allocated
==6706== 
==6706== LEAK SUMMARY:
==6706==    definitely lost: 0 bytes in 0 blocks
==6706==    indirectly lost: 0 bytes in 0 blocks
==6706==      possibly lost: 1,768 bytes in 13 blocks
==6706==    still reachable: 174,957 bytes in 81 blocks
==6706==         suppressed: 0 bytes in 0 blocks
==6706== Rerun with --leak-check=full to see details of leaked memory
==6706== 
==6706== For counts of detected and suppressed errors, rerun with: -v
==6706== ERROR SUMMARY: 0 errors from 0 contexts (suppressed: 0 from 0)
