==8577== Memcheck, a memory error detector
==8577== Copyright (C) 2002-2015, and GNU GPL'd, by Julian Seward et al.
==8577== Using Valgrind-3.12.0 and LibVEX; rerun with -h for copyright info
==8577== Command: ./rtv1 test.json
==8577== 
==8577== Warning: set address range perms: large range [0x200000000, 0x600000000) (noaccess)
==8577== Warning: set address range perms: large range [0x600000000, 0x800000000) (noaccess)
==8577== 
==8577== HEAP SUMMARY:
==8577==     in use at exit: 176,581 bytes in 92 blocks
==8577==   total heap usage: 17,401 allocs, 17,309 frees, 12,702,962 bytes allocated
==8577== 
==8577== LEAK SUMMARY:
==8577==    definitely lost: 0 bytes in 0 blocks
==8577==    indirectly lost: 0 bytes in 0 blocks
==8577==      possibly lost: 1,768 bytes in 13 blocks
==8577==    still reachable: 174,813 bytes in 79 blocks
==8577==         suppressed: 0 bytes in 0 blocks
==8577== Rerun with --leak-check=full to see details of leaked memory
==8577== 
==8577== For counts of detected and suppressed errors, rerun with: -v
==8577== ERROR SUMMARY: 0 errors from 0 contexts (suppressed: 0 from 0)
