==5825== Memcheck, a memory error detector
==5825== Copyright (C) 2002-2015, and GNU GPL'd, by Julian Seward et al.
==5825== Using Valgrind-3.12.0 and LibVEX; rerun with -h for copyright info
==5825== Command: ./rtv1 test.json
==5825== 
Initializing OpenCL environement...
==5825== Warning: set address range perms: large range [0x200000000, 0x600000000) (noaccess)
==5825== Warning: set address range perms: large range [0x600000000, 0x800000000) (noaccess)
==5825== 
==5825== HEAP SUMMARY:
==5825==     in use at exit: 176,725 bytes in 94 blocks
==5825==   total heap usage: 17,460 allocs, 17,366 frees, 12,704,809 bytes allocated
==5825== 
==5825== LEAK SUMMARY:
==5825==    definitely lost: 0 bytes in 0 blocks
==5825==    indirectly lost: 0 bytes in 0 blocks
==5825==      possibly lost: 1,768 bytes in 13 blocks
==5825==    still reachable: 174,957 bytes in 81 blocks
==5825==         suppressed: 0 bytes in 0 blocks
==5825== Rerun with --leak-check=full to see details of leaked memory
==5825== 
==5825== For counts of detected and suppressed errors, rerun with: -v
==5825== ERROR SUMMARY: 0 errors from 0 contexts (suppressed: 0 from 0)
