==15985== Memcheck, a memory error detector
==15985== Copyright (C) 2002-2015, and GNU GPL'd, by Julian Seward et al.
==15985== Using Valgrind-3.12.0 and LibVEX; rerun with -h for copyright info
==15985== Command: ./rtv1 test.json
==15985== 
==15985== Conditional jump or move depends on uninitialised value(s)
==15985==    at 0x402FF5: ft_strcpy (ft_strcpy.c:45)
==15985==    by 0x402AF4: ft_readfile (ft_readfile.c:32)
==15985==    by 0x400BC5: main (main.c:70)
==15985== 
==15985== Conditional jump or move depends on uninitialised value(s)
==15985==    at 0x402B37: ft_readfile (ft_readfile.c:39)
==15985==    by 0x400BC5: main (main.c:70)
==15985== 
==15985== Conditional jump or move depends on uninitialised value(s)
==15985==    at 0x4032F1: ft_str_clear_commentaries (ft_str_clear_commentaries.c:27)
==15985==    by 0x400BCD: main (main.c:70)
==15985== 
Initializing OpenCL environement...
==15985== Warning: set address range perms: large range [0x200000000, 0x600000000) (noaccess)
==15985== Warning: set address range perms: large range [0x600000000, 0x800000000) (noaccess)
==15985== Conditional jump or move depends on uninitialised value(s)
==15985==    at 0x4C2DBB8: strlen (in /usr/lib/valgrind/vgpreload_memcheck-amd64-linux.so)
==15985==    by 0x664CB1B: ??? (in /usr/lib/libnvidia-opencl.so.375.26)
==15985==    by 0x663A12A: ??? (in /usr/lib/libnvidia-opencl.so.375.26)
==15985==    by 0x4E42220: clCreateProgramWithSource (in /usr/lib/libOpenCL.so.1.0.0)
==15985==    by 0x40148C: ftocl_make_program (ftocl_make_program.c:89)
==15985==    by 0x400BE5: main (main.c:69)
==15985== 
==15985== Conditional jump or move depends on uninitialised value(s)
==15985==    at 0x4C2DBB8: strlen (in /usr/lib/valgrind/vgpreload_memcheck-amd64-linux.so)
==15985==    by 0x664CB3E: ??? (in /usr/lib/libnvidia-opencl.so.375.26)
==15985==    by 0x663A12A: ??? (in /usr/lib/libnvidia-opencl.so.375.26)
==15985==    by 0x4E42220: clCreateProgramWithSource (in /usr/lib/libOpenCL.so.1.0.0)
==15985==    by 0x40148C: ftocl_make_program (ftocl_make_program.c:89)
==15985==    by 0x400BE5: main (main.c:69)
==15985== 
0xc49ff40
0xc49ff40
0xc49ff40
node: 0xc4a0920
top: 0xc4a0920
0xc49ff40
0xc4a09a0
0xc4a09a0
==15985== Conditional jump or move depends on uninitialised value(s)
==15985==    at 0x402FAD: ft_strchr (ft_strchr.c:38)
==15985==    by 0x401636: sf_parse_and_create_kernel (ftocl_make_program.c:48)
==15985==    by 0x401636: sf_return_of_the_random_name (ftocl_make_program.c:65)
==15985==    by 0x401636: ftocl_make_program (ftocl_make_program.c:99)
==15985==    by 0x400BE5: main (main.c:69)
==15985== 
0xc4a09a0
node: 0xc4a1380
top: 0xc4a1380
0xc4a09a0
==15985== Conditional jump or move depends on uninitialised value(s)
==15985==    at 0x402FAD: ft_strchr (ft_strchr.c:38)
==15985==    by 0x4030E6: ft_strstr (ft_strstr.c:58)
==15985==    by 0x4014FE: ftocl_make_program (ftocl_make_program.c:98)
==15985==    by 0x400BE5: main (main.c:69)
==15985== 
Kernel: example2 was succesfully loaded
==15985== Invalid free() / delete / delete[] / realloc()
==15985==    at 0x4C2BD3A: free (in /usr/lib/valgrind/vgpreload_memcheck-amd64-linux.so)
==15985==    by 0x402B6D: ft_free (ft_free.c:27)
==15985==    by 0x403427: ft_final_free (ft_final_free.c:29)
==15985==    by 0x40203C: ft_end (ft_end.c:34)
==15985==    by 0x400C13: main (main.c:77)
==15985==  Address 0xc4a1380 is 0 bytes inside a block of size 56 free'd
==15985==    at 0x4C2BD3A: free (in /usr/lib/valgrind/vgpreload_memcheck-amd64-linux.so)
==15985==    by 0x402B6D: ft_free (ft_free.c:27)
==15985==    by 0x4013AC: sf_free (ftocl_end.c:18)
==15985==    by 0x4013AC: sf_end (ftocl_end.c:40)
==15985==    by 0x4013AC: ftocl_end (ftocl_end.c:54)
==15985==    by 0x400C0C: main (main.c:76)
==15985==  Block was alloc'd at
==15985==    at 0x4C2AB8D: malloc (in /usr/lib/valgrind/vgpreload_memcheck-amd64-linux.so)
==15985==    by 0x402B9A: ft_malloc (ft_malloc.c:41)
==15985==    by 0x402BFD: ft_memalloc (ft_memalloc.c:19)
==15985==    by 0x401F88: ft_2lstnew (ft_2lstnew.c:22)
==15985==    by 0x4016B0: sf_return_of_the_random_name (ftocl_make_program.c:69)
==15985==    by 0x4016B0: ftocl_make_program (ftocl_make_program.c:99)
==15985==    by 0x400BE5: main (main.c:69)
==15985== 
==15985== 
==15985== HEAP SUMMARY:
==15985==     in use at exit: 178,498 bytes in 105 blocks
==15985==   total heap usage: 17,689 allocs, 17,647 frees, 12,848,718 bytes allocated
==15985== 
==15985== LEAK SUMMARY:
==15985==    definitely lost: 0 bytes in 0 blocks
==15985==    indirectly lost: 0 bytes in 0 blocks
==15985==      possibly lost: 1,768 bytes in 13 blocks
==15985==    still reachable: 176,730 bytes in 92 blocks
==15985==         suppressed: 0 bytes in 0 blocks
==15985== Reachable blocks (those to which a pointer was found) are not shown.
==15985== To see them, rerun with: --leak-check=full --show-leak-kinds=all
==15985== 
==15985== For counts of detected and suppressed errors, rerun with: -v
==15985== Use --track-origins=yes to see where uninitialised values come from
==15985== ERROR SUMMARY: 84 errors from 20 contexts (suppressed: 0 from 0)
