==7693== Memcheck, a memory error detector
==7693== Copyright (C) 2002-2015, and GNU GPL'd, by Julian Seward et al.
==7693== Using Valgrind-3.12.0 and LibVEX; rerun with -h for copyright info
==7693== Command: ./rtv1 test.json
==7693== 
==7693== Warning: set address range perms: large range [0x200000000, 0x600000000) (noaccess)
==7693== Warning: set address range perms: large range [0x600000000, 0x800000000) (noaccess)
==7693== 
==7693== HEAP SUMMARY:
==7693==     in use at exit: 176,725 bytes in 94 blocks
==7693==   total heap usage: 17,387 allocs, 17,293 frees, 12,700,994 bytes allocated
==7693== 
==7693== LEAK SUMMARY:
==7693==    definitely lost: 0 bytes in 0 blocks
==7693==    indirectly lost: 0 bytes in 0 blocks
==7693==      possibly lost: 1,768 bytes in 13 blocks
==7693==    still reachable: 174,957 bytes in 81 blocks
==7693==         suppressed: 0 bytes in 0 blocks
==7693== Rerun with --leak-check=full to see details of leaked memory
==7693== 
==7693== For counts of detected and suppressed errors, rerun with: -v
==7693== ERROR SUMMARY: 0 errors from 0 contexts (suppressed: 0 from 0)
