==8560== Memcheck, a memory error detector
==8560== Copyright (C) 2002-2015, and GNU GPL'd, by Julian Seward et al.
==8560== Using Valgrind-3.12.0 and LibVEX; rerun with -h for copyright info
==8560== Command: ./rtv1 test.json
==8560== 
==8560== Conditional jump or move depends on uninitialised value(s)
==8560==    at 0x40312D: ft_strcpy (ft_strcpy.c:49)
==8560==    by 0x402A64: ft_readfile (ft_readfile.c:32)
==8560==    by 0x400B65: main (main.c:70)
==8560== 
==8560== Conditional jump or move depends on uninitialised value(s)
==8560==    at 0x402AA7: ft_readfile (ft_readfile.c:39)
==8560==    by 0x400B65: main (main.c:70)
==8560== 
==8560== Conditional jump or move depends on uninitialised value(s)
==8560==    at 0x403391: ft_str_clear_commentaries (ft_str_clear_commentaries.c:27)
==8560==    by 0x400B6D: main (main.c:70)
==8560== 
Initializing OpenCL environement...
==8560== Warning: set address range perms: large range [0x200000000, 0x600000000) (noaccess)
==8560== Warning: set address range perms: large range [0x600000000, 0x800000000) (noaccess)
==8560== Conditional jump or move depends on uninitialised value(s)
==8560==    at 0x4C2DBB8: strlen (in /usr/lib/valgrind/vgpreload_memcheck-amd64-linux.so)
==8560==    by 0x664CB1B: ??? (in /usr/lib/libnvidia-opencl.so.375.26)
==8560==    by 0x663A12A: ??? (in /usr/lib/libnvidia-opencl.so.375.26)
==8560==    by 0x4E42220: clCreateProgramWithSource (in /usr/lib/libOpenCL.so.1.0.0)
==8560==    by 0x40142C: ftocl_make_program (ftocl_make_program.c:84)
==8560==    by 0x400B85: main (main.c:69)
==8560== 
==8560== Conditional jump or move depends on uninitialised value(s)
==8560==    at 0x4C2DBB8: strlen (in /usr/lib/valgrind/vgpreload_memcheck-amd64-linux.so)
==8560==    by 0x664CB3E: ??? (in /usr/lib/libnvidia-opencl.so.375.26)
==8560==    by 0x663A12A: ??? (in /usr/lib/libnvidia-opencl.so.375.26)
==8560==    by 0x4E42220: clCreateProgramWithSource (in /usr/lib/libOpenCL.so.1.0.0)
==8560==    by 0x40142C: ftocl_make_program (ftocl_make_program.c:84)
==8560==    by 0x400B85: main (main.c:69)
==8560== 
0xc49ff50
==8560== Conditional jump or move depends on uninitialised value(s)
==8560==    at 0x4030D5: ft_strchr (ft_strchr.c:48)
==8560==    by 0x4015B6: sf_parse_and_create_kernel (ftocl_make_program.c:46)
==8560==    by 0x4015B6: sf_return_of_the_random_name (ftocl_make_program.c:63)
==8560==    by 0x4015B6: ftocl_make_program (ftocl_make_program.c:94)
==8560==    by 0x400B85: main (main.c:69)
==8560== 
0xc4a09b0
==8560== Conditional jump or move depends on uninitialised value(s)
==8560==    at 0x4030D5: ft_strchr (ft_strchr.c:48)
==8560==    by 0x403346: ft_strstr (ft_strstr.c:58)
==8560==    by 0x40149E: ftocl_make_program (ftocl_make_program.c:93)
==8560==    by 0x400B85: main (main.c:69)
==8560== 
Kernel: example2 was succesfully loaded
==8560== 
==8560== HEAP SUMMARY:
==8560==     in use at exit: 178,688 bytes in 110 blocks
==8560==   total heap usage: 17,691 allocs, 17,581 frees, 12,848,754 bytes allocated
==8560== 
==8560== LEAK SUMMARY:
==8560==    definitely lost: 0 bytes in 0 blocks
==8560==    indirectly lost: 0 bytes in 0 blocks
==8560==      possibly lost: 1,768 bytes in 13 blocks
==8560==    still reachable: 176,920 bytes in 97 blocks
==8560==         suppressed: 0 bytes in 0 blocks
==8560== Reachable blocks (those to which a pointer was found) are not shown.
==8560== To see them, rerun with: --leak-check=full --show-leak-kinds=all
==8560== 
==8560== For counts of detected and suppressed errors, rerun with: -v
==8560== Use --track-origins=yes to see where uninitialised values come from
==8560== ERROR SUMMARY: 21 errors from 19 contexts (suppressed: 0 from 0)
