==5990== Memcheck, a memory error detector
==5990== Copyright (C) 2002-2015, and GNU GPL'd, by Julian Seward et al.
==5990== Using Valgrind-3.12.0 and LibVEX; rerun with -h for copyright info
==5990== Command: ./rtv1 test.json
==5990== 
Initializing OpenCL environement...
==5990== Warning: set address range perms: large range [0x200000000, 0x600000000) (noaccess)
==5990== Warning: set address range perms: large range [0x600000000, 0x800000000) (noaccess)
==5990== 
==5990== HEAP SUMMARY:
==5990==     in use at exit: 176,725 bytes in 94 blocks
==5990==   total heap usage: 17,460 allocs, 17,366 frees, 12,704,785 bytes allocated
==5990== 
==5990== LEAK SUMMARY:
==5990==    definitely lost: 0 bytes in 0 blocks
==5990==    indirectly lost: 0 bytes in 0 blocks
==5990==      possibly lost: 1,768 bytes in 13 blocks
==5990==    still reachable: 174,957 bytes in 81 blocks
==5990==         suppressed: 0 bytes in 0 blocks
==5990== Rerun with --leak-check=full to see details of leaked memory
==5990== 
==5990== For counts of detected and suppressed errors, rerun with: -v
==5990== ERROR SUMMARY: 0 errors from 0 contexts (suppressed: 0 from 0)
