==8000== Memcheck, a memory error detector
==8000== Copyright (C) 2002-2015, and GNU GPL'd, by Julian Seward et al.
==8000== Using Valgrind-3.12.0 and LibVEX; rerun with -h for copyright info
==8000== Command: ./rtv1 test.json
==8000== 
==8000== Warning: set address range perms: large range [0x200000000, 0x600000000) (noaccess)
==8000== Warning: set address range perms: large range [0x600000000, 0x800000000) (noaccess)
==8000== 
==8000== HEAP SUMMARY:
==8000==     in use at exit: 176,725 bytes in 94 blocks
==8000==   total heap usage: 494 allocs, 400 frees, 337,747 bytes allocated
==8000== 
==8000== LEAK SUMMARY:
==8000==    definitely lost: 0 bytes in 0 blocks
==8000==    indirectly lost: 0 bytes in 0 blocks
==8000==      possibly lost: 1,768 bytes in 13 blocks
==8000==    still reachable: 174,957 bytes in 81 blocks
==8000==         suppressed: 0 bytes in 0 blocks
==8000== Rerun with --leak-check=full to see details of leaked memory
==8000== 
==8000== For counts of detected and suppressed errors, rerun with: -v
==8000== ERROR SUMMARY: 0 errors from 0 contexts (suppressed: 0 from 0)
