==9909== Memcheck, a memory error detector
==9909== Copyright (C) 2002-2015, and GNU GPL'd, by Julian Seward et al.
==9909== Using Valgrind-3.12.0 and LibVEX; rerun with -h for copyright info
==9909== Command: ./rtv1 test.json
==9909== 
==9909== Conditional jump or move depends on uninitialised value(s)
==9909==    at 0x40312D: ft_strcpy (ft_strcpy.c:49)
==9909==    by 0x402A64: ft_readfile (ft_readfile.c:32)
==9909==    by 0x400B6A: main (main.c:70)
==9909== 
==9909== Conditional jump or move depends on uninitialised value(s)
==9909==    at 0x402AA7: ft_readfile (ft_readfile.c:39)
==9909==    by 0x400B6A: main (main.c:70)
==9909== 
==9909== Conditional jump or move depends on uninitialised value(s)
==9909==    at 0x403391: ft_str_clear_commentaries (ft_str_clear_commentaries.c:27)
==9909==    by 0x400B72: main (main.c:70)
==9909== 
Initializing OpenCL environement...
==9909== Warning: set address range perms: large range [0x200000000, 0x600000000) (noaccess)
==9909== Warning: set address range perms: large range [0x600000000, 0x800000000) (noaccess)
==9909== Conditional jump or move depends on uninitialised value(s)
==9909==    at 0x4C2DBB8: strlen (in /usr/lib/valgrind/vgpreload_memcheck-amd64-linux.so)
==9909==    by 0x664CB1B: ??? (in /usr/lib/libnvidia-opencl.so.375.26)
==9909==    by 0x663A12A: ??? (in /usr/lib/libnvidia-opencl.so.375.26)
==9909==    by 0x4E42220: clCreateProgramWithSource (in /usr/lib/libOpenCL.so.1.0.0)
==9909==    by 0x40142C: ftocl_make_program (ftocl_make_program.c:84)
==9909==    by 0x400B8A: main (main.c:69)
==9909== 
==9909== Conditional jump or move depends on uninitialised value(s)
==9909==    at 0x4C2DBB8: strlen (in /usr/lib/valgrind/vgpreload_memcheck-amd64-linux.so)
==9909==    by 0x664CB3E: ??? (in /usr/lib/libnvidia-opencl.so.375.26)
==9909==    by 0x663A12A: ??? (in /usr/lib/libnvidia-opencl.so.375.26)
==9909==    by 0x4E42220: clCreateProgramWithSource (in /usr/lib/libOpenCL.so.1.0.0)
==9909==    by 0x40142C: ftocl_make_program (ftocl_make_program.c:84)
==9909==    by 0x400B8A: main (main.c:69)
==9909== 
0xc49ff50
==9909== Conditional jump or move depends on uninitialised value(s)
==9909==    at 0x4030D5: ft_strchr (ft_strchr.c:48)
==9909==    by 0x4015B6: sf_parse_and_create_kernel (ftocl_make_program.c:46)
==9909==    by 0x4015B6: sf_return_of_the_random_name (ftocl_make_program.c:63)
==9909==    by 0x4015B6: ftocl_make_program (ftocl_make_program.c:94)
==9909==    by 0x400B8A: main (main.c:69)
==9909== 
0xc4a09b0
==9909== Conditional jump or move depends on uninitialised value(s)
==9909==    at 0x4030D5: ft_strchr (ft_strchr.c:48)
==9909==    by 0x403346: ft_strstr (ft_strstr.c:58)
==9909==    by 0x40149E: ftocl_make_program (ftocl_make_program.c:93)
==9909==    by 0x400B8A: main (main.c:69)
==9909== 
Kernel: example2 was succesfully loaded
Warning: ft_free called on pointer not allocated by ft_malloc
==9909== Invalid free() / delete / delete[] / realloc()
==9909==    at 0x4C2BD3A: free (in /usr/lib/valgrind/vgpreload_memcheck-amd64-linux.so)
==9909==    by 0x402B83: ft_free (ft_free.c:61)
==9909==    by 0x400BB9: main (main.c:77)
==9909==  Address 0xfff000520 is on thread 1's stack
==9909== 
==9909== 
==9909== HEAP SUMMARY:
==9909==     in use at exit: 178,498 bytes in 105 blocks
==9909==   total heap usage: 17,690 allocs, 17,586 frees, 12,848,781 bytes allocated
==9909== 
==9909== LEAK SUMMARY:
==9909==    definitely lost: 0 bytes in 0 blocks
==9909==    indirectly lost: 0 bytes in 0 blocks
==9909==      possibly lost: 1,768 bytes in 13 blocks
==9909==    still reachable: 176,730 bytes in 92 blocks
==9909==         suppressed: 0 bytes in 0 blocks
==9909== Reachable blocks (those to which a pointer was found) are not shown.
==9909== To see them, rerun with: --leak-check=full --show-leak-kinds=all
==9909== 
==9909== For counts of detected and suppressed errors, rerun with: -v
==9909== Use --track-origins=yes to see where uninitialised values come from
==9909== ERROR SUMMARY: 22 errors from 20 contexts (suppressed: 0 from 0)
