==7537== Memcheck, a memory error detector
==7537== Copyright (C) 2002-2015, and GNU GPL'd, by Julian Seward et al.
==7537== Using Valgrind-3.12.0 and LibVEX; rerun with -h for copyright info
==7537== Command: ./rtv1 test.json
==7537== 
==7537== Conditional jump or move depends on uninitialised value(s)
==7537==    at 0x40316D: ft_strcpy (ft_strcpy.c:49)
==7537==    by 0x402AB4: ft_readfile (ft_readfile.c:32)
==7537==    by 0x400B65: main (main.c:70)
==7537== 
==7537== Conditional jump or move depends on uninitialised value(s)
==7537==    at 0x402AF7: ft_readfile (ft_readfile.c:39)
==7537==    by 0x400B65: main (main.c:70)
==7537== 
==7537== Conditional jump or move depends on uninitialised value(s)
==7537==    at 0x4033D1: ft_str_clear_commentaries (ft_str_clear_commentaries.c:27)
==7537==    by 0x400B6D: main (main.c:70)
==7537== 
Initializing OpenCL environement...
==7537== Warning: set address range perms: large range [0x200000000, 0x600000000) (noaccess)
==7537== Warning: set address range perms: large range [0x600000000, 0x800000000) (noaccess)
==7537== Conditional jump or move depends on uninitialised value(s)
==7537==    at 0x4C2DBB8: strlen (in /usr/lib/valgrind/vgpreload_memcheck-amd64-linux.so)
==7537==    by 0x664CB1B: ??? (in /usr/lib/libnvidia-opencl.so.375.26)
==7537==    by 0x663A12A: ??? (in /usr/lib/libnvidia-opencl.so.375.26)
==7537==    by 0x4E42220: clCreateProgramWithSource (in /usr/lib/libOpenCL.so.1.0.0)
==7537==    by 0x40142C: ftocl_make_program (ftocl_make_program.c:89)
==7537==    by 0x400B85: main (main.c:69)
==7537== 
==7537== Conditional jump or move depends on uninitialised value(s)
==7537==    at 0x4C2DBB8: strlen (in /usr/lib/valgrind/vgpreload_memcheck-amd64-linux.so)
==7537==    by 0x664CB3E: ??? (in /usr/lib/libnvidia-opencl.so.375.26)
==7537==    by 0x663A12A: ??? (in /usr/lib/libnvidia-opencl.so.375.26)
==7537==    by 0x4E42220: clCreateProgramWithSource (in /usr/lib/libOpenCL.so.1.0.0)
==7537==    by 0x40142C: ftocl_make_program (ftocl_make_program.c:89)
==7537==    by 0x400B85: main (main.c:69)
==7537== 
0xc49ffb0
0xc49ffb0
0xc49ffb0
node: 0xc4a0990
top: 0xc4a0990
0xc49ffb0
0xc4a0a10
0xc4a0a10
==7537== Conditional jump or move depends on uninitialised value(s)
==7537==    at 0x403115: ft_strchr (ft_strchr.c:48)
==7537==    by 0x4015D6: sf_parse_and_create_kernel (ftocl_make_program.c:48)
==7537==    by 0x4015D6: sf_return_of_the_random_name (ftocl_make_program.c:65)
==7537==    by 0x4015D6: ftocl_make_program (ftocl_make_program.c:99)
==7537==    by 0x400B85: main (main.c:69)
==7537== 
0xc4a0a10
node: 0xc4a13f0
top: 0xc4a13f0
0xc4a0a10
==7537== Conditional jump or move depends on uninitialised value(s)
==7537==    at 0x403115: ft_strchr (ft_strchr.c:48)
==7537==    by 0x403386: ft_strstr (ft_strstr.c:58)
==7537==    by 0x40149E: ftocl_make_program (ftocl_make_program.c:98)
==7537==    by 0x400B85: main (main.c:69)
==7537== 
Kernel: example2 was succesfully loaded
==7537== 
==7537== HEAP SUMMARY:
==7537==     in use at exit: 178,688 bytes in 110 blocks
==7537==   total heap usage: 17,693 allocs, 17,583 frees, 12,848,850 bytes allocated
==7537== 
==7537== LEAK SUMMARY:
==7537==    definitely lost: 0 bytes in 0 blocks
==7537==    indirectly lost: 0 bytes in 0 blocks
==7537==      possibly lost: 1,768 bytes in 13 blocks
==7537==    still reachable: 176,920 bytes in 97 blocks
==7537==         suppressed: 0 bytes in 0 blocks
==7537== Reachable blocks (those to which a pointer was found) are not shown.
==7537== To see them, rerun with: --leak-check=full --show-leak-kinds=all
==7537== 
==7537== For counts of detected and suppressed errors, rerun with: -v
==7537== Use --track-origins=yes to see where uninitialised values come from
==7537== ERROR SUMMARY: 21 errors from 19 contexts (suppressed: 0 from 0)
