==6872== Memcheck, a memory error detector
==6872== Copyright (C) 2002-2015, and GNU GPL'd, by Julian Seward et al.
==6872== Using Valgrind-3.12.0 and LibVEX; rerun with -h for copyright info
==6872== Command: ./rtv1 test.json
==6872== 
==6872== Warning: set address range perms: large range [0x200000000, 0x600000000) (noaccess)
==6872== Warning: set address range perms: large range [0x600000000, 0x800000000) (noaccess)
==6872== 
==6872== HEAP SUMMARY:
==6872==     in use at exit: 176,725 bytes in 94 blocks
==6872==   total heap usage: 17,402 allocs, 17,308 frees, 12,703,002 bytes allocated
==6872== 
==6872== LEAK SUMMARY:
==6872==    definitely lost: 0 bytes in 0 blocks
==6872==    indirectly lost: 0 bytes in 0 blocks
==6872==      possibly lost: 1,768 bytes in 13 blocks
==6872==    still reachable: 174,957 bytes in 81 blocks
==6872==         suppressed: 0 bytes in 0 blocks
==6872== Rerun with --leak-check=full to see details of leaked memory
==6872== 
==6872== For counts of detected and suppressed errors, rerun with: -v
==6872== ERROR SUMMARY: 0 errors from 0 contexts (suppressed: 0 from 0)
