==10574== Memcheck, a memory error detector
==10574== Copyright (C) 2002-2015, and GNU GPL'd, by Julian Seward et al.
==10574== Using Valgrind-3.12.0 and LibVEX; rerun with -h for copyright info
==10574== Command: ./rtv1 test.json
==10574== 
==10574== Conditional jump or move depends on uninitialised value(s)
==10574==    at 0x40311D: ft_strcpy (ft_strcpy.c:49)
==10574==    by 0x402A54: ft_readfile (ft_readfile.c:32)
==10574==    by 0x400B65: main (main.c:70)
==10574== 
==10574== Conditional jump or move depends on uninitialised value(s)
==10574==    at 0x402A97: ft_readfile (ft_readfile.c:39)
==10574==    by 0x400B65: main (main.c:70)
==10574== 
==10574== Conditional jump or move depends on uninitialised value(s)
==10574==    at 0x403381: ft_str_clear_commentaries (ft_str_clear_commentaries.c:27)
==10574==    by 0x400B6D: main (main.c:70)
==10574== 
Initializing OpenCL environement...
==10574== Warning: set address range perms: large range [0x200000000, 0x600000000) (noaccess)
==10574== Warning: set address range perms: large range [0x600000000, 0x800000000) (noaccess)
==10574== Conditional jump or move depends on uninitialised value(s)
==10574==    at 0x4C2DBB8: strlen (in /usr/lib/valgrind/vgpreload_memcheck-amd64-linux.so)
==10574==    by 0x664CB1B: ??? (in /usr/lib/libnvidia-opencl.so.375.26)
==10574==    by 0x663A12A: ??? (in /usr/lib/libnvidia-opencl.so.375.26)
==10574==    by 0x4E42220: clCreateProgramWithSource (in /usr/lib/libOpenCL.so.1.0.0)
==10574==    by 0x40142C: ftocl_make_program (ftocl_make_program.c:83)
==10574==    by 0x400B85: main (main.c:69)
==10574== 
==10574== Conditional jump or move depends on uninitialised value(s)
==10574==    at 0x4C2DBB8: strlen (in /usr/lib/valgrind/vgpreload_memcheck-amd64-linux.so)
==10574==    by 0x664CB3E: ??? (in /usr/lib/libnvidia-opencl.so.375.26)
==10574==    by 0x663A12A: ??? (in /usr/lib/libnvidia-opencl.so.375.26)
==10574==    by 0x4E42220: clCreateProgramWithSource (in /usr/lib/libOpenCL.so.1.0.0)
==10574==    by 0x40142C: ftocl_make_program (ftocl_make_program.c:83)
==10574==    by 0x400B85: main (main.c:69)
==10574== 
==10574== Conditional jump or move depends on uninitialised value(s)
==10574==    at 0x4030C5: ft_strchr (ft_strchr.c:48)
==10574==    by 0x4015B6: sf_parse_and_create_kernel (ftocl_make_program.c:46)
==10574==    by 0x4015B6: sf_return_of_the_random_name (ftocl_make_program.c:63)
==10574==    by 0x4015B6: ftocl_make_program (ftocl_make_program.c:93)
==10574==    by 0x400B85: main (main.c:69)
==10574== 
==10574== Conditional jump or move depends on uninitialised value(s)
==10574==    at 0x4030C5: ft_strchr (ft_strchr.c:48)
==10574==    by 0x403336: ft_strstr (ft_strstr.c:58)
==10574==    by 0x40149E: ftocl_make_program (ftocl_make_program.c:92)
==10574==    by 0x400B85: main (main.c:69)
==10574== 
Kernel: example2 was succesfully loaded
==10574== 
==10574== HEAP SUMMARY:
==10574==     in use at exit: 178,498 bytes in 105 blocks
==10574==   total heap usage: 17,689 allocs, 17,584 frees, 12,848,718 bytes allocated
==10574== 
==10574== LEAK SUMMARY:
==10574==    definitely lost: 0 bytes in 0 blocks
==10574==    indirectly lost: 0 bytes in 0 blocks
==10574==      possibly lost: 1,768 bytes in 13 blocks
==10574==    still reachable: 176,730 bytes in 92 blocks
==10574==         suppressed: 0 bytes in 0 blocks
==10574== Reachable blocks (those to which a pointer was found) are not shown.
==10574== To see them, rerun with: --leak-check=full --show-leak-kinds=all
==10574== 
==10574== For counts of detected and suppressed errors, rerun with: -v
==10574== Use --track-origins=yes to see where uninitialised values come from
==10574== ERROR SUMMARY: 21 errors from 19 contexts (suppressed: 0 from 0)
