==9579== Memcheck, a memory error detector
==9579== Copyright (C) 2002-2015, and GNU GPL'd, by Julian Seward et al.
==9579== Using Valgrind-3.12.0 and LibVEX; rerun with -h for copyright info
==9579== Command: ./rtv1 test.json
==9579== 
==9579== Conditional jump or move depends on uninitialised value(s)
==9579==    at 0x40310D: ft_strcpy (ft_strcpy.c:49)
==9579==    by 0x402A64: ft_readfile (ft_readfile.c:32)
==9579==    by 0x400B65: main (main.c:70)
==9579== 
==9579== Conditional jump or move depends on uninitialised value(s)
==9579==    at 0x402AA7: ft_readfile (ft_readfile.c:39)
==9579==    by 0x400B65: main (main.c:70)
==9579== 
==9579== Conditional jump or move depends on uninitialised value(s)
==9579==    at 0x403371: ft_str_clear_commentaries (ft_str_clear_commentaries.c:27)
==9579==    by 0x400B6D: main (main.c:70)
==9579== 
Initializing OpenCL environement...
==9579== Warning: set address range perms: large range [0x200000000, 0x600000000) (noaccess)
==9579== Warning: set address range perms: large range [0x600000000, 0x800000000) (noaccess)
==9579== Conditional jump or move depends on uninitialised value(s)
==9579==    at 0x4C2DBB8: strlen (in /usr/lib/valgrind/vgpreload_memcheck-amd64-linux.so)
==9579==    by 0x664CB1B: ??? (in /usr/lib/libnvidia-opencl.so.375.26)
==9579==    by 0x663A12A: ??? (in /usr/lib/libnvidia-opencl.so.375.26)
==9579==    by 0x4E42220: clCreateProgramWithSource (in /usr/lib/libOpenCL.so.1.0.0)
==9579==    by 0x40142C: ftocl_make_program (ftocl_make_program.c:84)
==9579==    by 0x400B85: main (main.c:69)
==9579== 
==9579== Conditional jump or move depends on uninitialised value(s)
==9579==    at 0x4C2DBB8: strlen (in /usr/lib/valgrind/vgpreload_memcheck-amd64-linux.so)
==9579==    by 0x664CB3E: ??? (in /usr/lib/libnvidia-opencl.so.375.26)
==9579==    by 0x663A12A: ??? (in /usr/lib/libnvidia-opencl.so.375.26)
==9579==    by 0x4E42220: clCreateProgramWithSource (in /usr/lib/libOpenCL.so.1.0.0)
==9579==    by 0x40142C: ftocl_make_program (ftocl_make_program.c:84)
==9579==    by 0x400B85: main (main.c:69)
==9579== 
0xc49ff50
==9579== Conditional jump or move depends on uninitialised value(s)
==9579==    at 0x4030B5: ft_strchr (ft_strchr.c:48)
==9579==    by 0x4015B6: sf_parse_and_create_kernel (ftocl_make_program.c:46)
==9579==    by 0x4015B6: sf_return_of_the_random_name (ftocl_make_program.c:63)
==9579==    by 0x4015B6: ftocl_make_program (ftocl_make_program.c:94)
==9579==    by 0x400B85: main (main.c:69)
==9579== 
0xc4a09b0
==9579== Conditional jump or move depends on uninitialised value(s)
==9579==    at 0x4030B5: ft_strchr (ft_strchr.c:48)
==9579==    by 0x403326: ft_strstr (ft_strstr.c:58)
==9579==    by 0x40149E: ftocl_make_program (ftocl_make_program.c:93)
==9579==    by 0x400B85: main (main.c:69)
==9579== 
Kernel: example2 was succesfully loaded
==9579== 
==9579== HEAP SUMMARY:
==9579==     in use at exit: 178,498 bytes in 105 blocks
==9579==   total heap usage: 17,689 allocs, 17,584 frees, 12,848,718 bytes allocated
==9579== 
==9579== LEAK SUMMARY:
==9579==    definitely lost: 0 bytes in 0 blocks
==9579==    indirectly lost: 0 bytes in 0 blocks
==9579==      possibly lost: 1,768 bytes in 13 blocks
==9579==    still reachable: 176,730 bytes in 92 blocks
==9579==         suppressed: 0 bytes in 0 blocks
==9579== Reachable blocks (those to which a pointer was found) are not shown.
==9579== To see them, rerun with: --leak-check=full --show-leak-kinds=all
==9579== 
==9579== For counts of detected and suppressed errors, rerun with: -v
==9579== Use --track-origins=yes to see where uninitialised values come from
==9579== ERROR SUMMARY: 21 errors from 19 contexts (suppressed: 0 from 0)
